  [1m[36m (5.9ms)[0m  [1mCREATE TABLE "schema_migrations" ("version" character varying NOT NULL) [0m
  [1m[35m (2.0ms)[0m  CREATE UNIQUE INDEX  "unique_schema_migrations" ON "schema_migrations"  ("version")
  [1m[36mActiveRecord::SchemaMigration Load (0.4ms)[0m  [1mSELECT "schema_migrations".* FROM "schema_migrations"[0m
Migrating to CreateWidgets (20140707111715)
  [1m[35m (0.2ms)[0m  BEGIN
DEPRECATION WARNING: `#timestamps` was called without specifying an option for `null`. In Rails 5, this behavior will change to `null: false`. You should manually specify `null: true` to prevent the behavior of your existing migrations from changing. (called from block in change at /Users/haowu/cmpt276/GoFit/Go_Fit/db/migrate/20140707111715_create_widgets.rb:8)
  [1m[36m (6.2ms)[0m  [1mCREATE TABLE "widgets" ("id" serial primary key, "name" character varying, "description" text, "stock" integer, "created_at" timestamp, "updated_at" timestamp) [0m
  [1m[35mSQL (0.4ms)[0m  INSERT INTO "schema_migrations" ("version") VALUES ($1)  [["version", "20140707111715"]]
  [1m[36m (0.6ms)[0m  [1mCOMMIT[0m
  [1m[35mActiveRecord::SchemaMigration Load (0.2ms)[0m  SELECT "schema_migrations".* FROM "schema_migrations"
  [1m[36m (5.5ms)[0m  [1mSELECT t2.oid::regclass::text AS to_table, a1.attname AS column, a2.attname AS primary_key, c.conname AS name, c.confupdtype AS on_update, c.confdeltype AS on_delete
FROM pg_constraint c
JOIN pg_class t1 ON c.conrelid = t1.oid
JOIN pg_class t2 ON c.confrelid = t2.oid
JOIN pg_attribute a1 ON a1.attnum = c.conkey[1] AND a1.attrelid = t1.oid
JOIN pg_attribute a2 ON a2.attnum = c.confkey[1] AND a2.attrelid = t2.oid
JOIN pg_namespace t3 ON c.connamespace = t3.oid
WHERE c.contype = 'f'
  AND t1.relname = 'widgets'
  AND t3.nspname = ANY (current_schemas(false))
ORDER BY c.conname
[0m


Started GET "/" for 127.0.0.1 at 2017-11-02 20:39:56 -0700
  [1m[36mActiveRecord::SchemaMigration Load (0.7ms)[0m  [1mSELECT "schema_migrations".* FROM "schema_migrations"[0m
Processing by WelcomeController#index as HTML
  Rendered welcome/index.erb within layouts/application (574.4ms)
Completed 200 OK in 678ms (Views: 666.6ms | ActiveRecord: 0.0ms)


Started GET "/assets/theme.self-fca70eec67b69ce89a9940b216bc40519e443ddc5cf31d874519a0cd1773f06d.css?body=1" for 127.0.0.1 at 2017-11-02 20:39:57 -0700


Started GET "/" for 127.0.0.1 at 2017-11-03 15:43:20 -0700
  [1m[36mActiveRecord::SchemaMigration Load (1.0ms)[0m  [1mSELECT "schema_migrations".* FROM "schema_migrations"[0m
Processing by WelcomeController#index as HTML
  Rendered welcome/index.erb within layouts/application (196.2ms)
Completed 200 OK in 241ms (Views: 221.9ms | ActiveRecord: 0.0ms)


Started GET "/" for 127.0.0.1 at 2017-11-03 15:44:49 -0700
  [1m[36mActiveRecord::SchemaMigration Load (0.9ms)[0m  [1mSELECT "schema_migrations".* FROM "schema_migrations"[0m
Processing by WelcomeController#index as HTML
  Rendered welcome/index.erb within layouts/application (150.5ms)
Completed 500 Internal Server Error in 216ms (ActiveRecord: 0.0ms)

ActionView::Template::Error (undefined method `full_title' for #<#<Class:0x007fbec2431ee8>:0x007fbec24b8858>):
    1: <!DOCTYPE html>
    2: <html>
    3:   <head>
    4:     <title><%= full_title(yield(:title)) %></title>
    5:     <%= csrf_meta_tags %>
    6:     <%= stylesheet_link_tag    'application', media: 'all',
    7:                                               'data-turbolinks-track': 'reload' %>
  app/views/layouts/application.html.erb:4:in `_app_views_layouts_application_html_erb__1258411125884228023_70228641143780'


  Rendered /Users/haowu/.rbenv/versions/2.4.1/lib/ruby/gems/2.4.0/gems/actionpack-4.2.8/lib/action_dispatch/middleware/templates/rescues/_source.erb (21.4ms)
  Rendered /Users/haowu/.rbenv/versions/2.4.1/lib/ruby/gems/2.4.0/gems/actionpack-4.2.8/lib/action_dispatch/middleware/templates/rescues/_trace.html.erb (7.3ms)
  Rendered /Users/haowu/.rbenv/versions/2.4.1/lib/ruby/gems/2.4.0/gems/actionpack-4.2.8/lib/action_dispatch/middleware/templates/rescues/_request_and_response.html.erb (2.4ms)
  Rendered /Users/haowu/.rbenv/versions/2.4.1/lib/ruby/gems/2.4.0/gems/actionpack-4.2.8/lib/action_dispatch/middleware/templates/rescues/template_error.html.erb within rescues/layout (96.2ms)


Started GET "/" for 127.0.0.1 at 2017-11-03 15:49:01 -0700
  [1m[36mActiveRecord::SchemaMigration Load (0.5ms)[0m  [1mSELECT "schema_migrations".* FROM "schema_migrations"[0m
Processing by WelcomeController#index as HTML
  Rendered welcome/index.erb within layouts/application (171.7ms)
Completed 500 Internal Server Error in 232ms (ActiveRecord: 0.0ms)

ActionView::Template::Error (undefined method `full_title' for #<#<Class:0x007fbec24b14b8>:0x007fbec2513960>):
    1: <!DOCTYPE html>
    2: <html>
    3:   <head>
    4:     <title><%= full_title(yield(:title)) %></title>
    5:     <%= csrf_meta_tags %>
    6:     <%= stylesheet_link_tag    'application', media: 'all',
    7:                                               'data-turbolinks-track': 'reload' %>
  app/views/layouts/application.html.erb:4:in `_app_views_layouts_application_html_erb__1258411125884228023_70228642449200'


  Rendered /Users/haowu/.rbenv/versions/2.4.1/lib/ruby/gems/2.4.0/gems/actionpack-4.2.8/lib/action_dispatch/middleware/templates/rescues/_source.erb (21.7ms)
  Rendered /Users/haowu/.rbenv/versions/2.4.1/lib/ruby/gems/2.4.0/gems/actionpack-4.2.8/lib/action_dispatch/middleware/templates/rescues/_trace.html.erb (4.9ms)
  Rendered /Users/haowu/.rbenv/versions/2.4.1/lib/ruby/gems/2.4.0/gems/actionpack-4.2.8/lib/action_dispatch/middleware/templates/rescues/_request_and_response.html.erb (1.3ms)
  Rendered /Users/haowu/.rbenv/versions/2.4.1/lib/ruby/gems/2.4.0/gems/actionpack-4.2.8/lib/action_dispatch/middleware/templates/rescues/template_error.html.erb within rescues/layout (84.5ms)


Started GET "/" for 127.0.0.1 at 2017-11-03 15:49:39 -0700
Processing by WelcomeController#index as HTML
  Rendered welcome/index.erb within layouts/application (1.6ms)
Completed 500 Internal Server Error in 36ms (ActiveRecord: 0.0ms)

ActionView::Template::Error (undefined method `title' for #<#<Class:0x007fbec2431ee8>:0x007fbec6028a50>):
    1: <!DOCTYPE html>
    2: <html>
    3:   <head>
    4:     <title><%= title(yield(:title)) %></title>
    5:     <%= csrf_meta_tags %>
    6:     <%= stylesheet_link_tag    'application', media: 'all',
    7:                                               'data-turbolinks-track': 'reload' %>
  app/views/layouts/application.html.erb:4:in `_app_views_layouts_application_html_erb__1258411125884228023_70228671388040'


  Rendered /Users/haowu/.rbenv/versions/2.4.1/lib/ruby/gems/2.4.0/gems/actionpack-4.2.8/lib/action_dispatch/middleware/templates/rescues/_source.erb (8.0ms)
  Rendered /Users/haowu/.rbenv/versions/2.4.1/lib/ruby/gems/2.4.0/gems/actionpack-4.2.8/lib/action_dispatch/middleware/templates/rescues/_trace.html.erb (3.4ms)
  Rendered /Users/haowu/.rbenv/versions/2.4.1/lib/ruby/gems/2.4.0/gems/actionpack-4.2.8/lib/action_dispatch/middleware/templates/rescues/_request_and_response.html.erb (1.1ms)
  Rendered /Users/haowu/.rbenv/versions/2.4.1/lib/ruby/gems/2.4.0/gems/actionpack-4.2.8/lib/action_dispatch/middleware/templates/rescues/template_error.html.erb within rescues/layout (74.6ms)


Started GET "/" for 127.0.0.1 at 2017-11-03 15:51:34 -0700
Processing by WelcomeController#index as HTML
  Rendered welcome/index.erb within layouts/application (1.9ms)
Completed 200 OK in 8ms (Views: 7.8ms | ActiveRecord: 0.0ms)
  [1m[36mActiveRecord::SchemaMigration Load (0.8ms)[0m  [1mSELECT "schema_migrations".* FROM "schema_migrations"[0m
Migrating to CreateUsers (20171103225707)
  [1m[35m (0.3ms)[0m  BEGIN
  [1m[36m (36.4ms)[0m  [1mCREATE TABLE "users" ("id" serial primary key, "email" character varying, "password" character varying, "created_at" timestamp NOT NULL, "updated_at" timestamp NOT NULL) [0m
  [1m[35mSQL (2.4ms)[0m  INSERT INTO "schema_migrations" ("version") VALUES ($1)  [["version", "20171103225707"]]
  [1m[36m (2.4ms)[0m  [1mCOMMIT[0m
  [1m[35mActiveRecord::SchemaMigration Load (0.2ms)[0m  SELECT "schema_migrations".* FROM "schema_migrations"
  [1m[36m (6.0ms)[0m  [1mSELECT t2.oid::regclass::text AS to_table, a1.attname AS column, a2.attname AS primary_key, c.conname AS name, c.confupdtype AS on_update, c.confdeltype AS on_delete
FROM pg_constraint c
JOIN pg_class t1 ON c.conrelid = t1.oid
JOIN pg_class t2 ON c.confrelid = t2.oid
JOIN pg_attribute a1 ON a1.attnum = c.conkey[1] AND a1.attrelid = t1.oid
JOIN pg_attribute a2 ON a2.attnum = c.confkey[1] AND a2.attrelid = t2.oid
JOIN pg_namespace t3 ON c.connamespace = t3.oid
WHERE c.contype = 'f'
  AND t1.relname = 'users'
  AND t3.nspname = ANY (current_schemas(false))
ORDER BY c.conname
[0m
  [1m[35m (3.7ms)[0m  SELECT t2.oid::regclass::text AS to_table, a1.attname AS column, a2.attname AS primary_key, c.conname AS name, c.confupdtype AS on_update, c.confdeltype AS on_delete
FROM pg_constraint c
JOIN pg_class t1 ON c.conrelid = t1.oid
JOIN pg_class t2 ON c.confrelid = t2.oid
JOIN pg_attribute a1 ON a1.attnum = c.conkey[1] AND a1.attrelid = t1.oid
JOIN pg_attribute a2 ON a2.attnum = c.confkey[1] AND a2.attrelid = t2.oid
JOIN pg_namespace t3 ON c.connamespace = t3.oid
WHERE c.contype = 'f'
  AND t1.relname = 'widgets'
  AND t3.nspname = ANY (current_schemas(false))
ORDER BY c.conname



Started GET "/" for 127.0.0.1 at 2017-11-03 16:11:52 -0700
  [1m[36mActiveRecord::SchemaMigration Load (1.1ms)[0m  [1mSELECT "schema_migrations".* FROM "schema_migrations"[0m
Processing by WelcomeController#index as HTML
  Rendered welcome/index.erb within layouts/application (346.3ms)
Completed 500 Internal Server Error in 426ms (ActiveRecord: 0.0ms)

ActionView::Template::Error (No route matches {:action=>"create", :controller=>"users"}):
    1: <% @page_title = "UserAuth | Signup" %>
    2: <div class="Sign_Form">
    3:   <h1>Sign Up</h1>
    4:   <%= form_for(:user, :url => {:controller => 'users', :action => 'create'}) do |f| %>
    5:     <p> Username:</br> <%= f.text_field :username%> </p>
    6:     <p> Email:</br> <%= f.text_field :email%> </p>
    7:     <p> Password:</br> <%= f.password_field :password%></p>
  app/views/layouts/application.html.erb:4:in `_app_views_layouts_application_html_erb___4428414924959529031_70185684657000'


  Rendered /Users/haowu/.rbenv/versions/2.4.1/lib/ruby/gems/2.4.0/gems/actionpack-4.2.8/lib/action_dispatch/middleware/templates/rescues/_source.erb (5.5ms)
  Rendered /Users/haowu/.rbenv/versions/2.4.1/lib/ruby/gems/2.4.0/gems/actionpack-4.2.8/lib/action_dispatch/middleware/templates/rescues/_trace.html.erb (3.3ms)
  Rendered /Users/haowu/.rbenv/versions/2.4.1/lib/ruby/gems/2.4.0/gems/actionpack-4.2.8/lib/action_dispatch/middleware/templates/rescues/_request_and_response.html.erb (1.4ms)
  Rendered /Users/haowu/.rbenv/versions/2.4.1/lib/ruby/gems/2.4.0/gems/actionpack-4.2.8/lib/action_dispatch/middleware/templates/rescues/template_error.html.erb within rescues/layout (67.0ms)


Started GET "/" for 127.0.0.1 at 2017-11-03 16:13:42 -0700
  [1m[36mActiveRecord::SchemaMigration Load (0.9ms)[0m  [1mSELECT "schema_migrations".* FROM "schema_migrations"[0m
Processing by WelcomeController#index as HTML
  Rendered welcome/index.erb within layouts/application (225.2ms)
Completed 500 Internal Server Error in 270ms (ActiveRecord: 0.0ms)

ActionView::Template::Error (No route matches {:action=>"create", :controller=>"users"}):
    1: <% @page_title = "UserAuth | Signup" %>
    2: <div class="Sign_Form">
    3:   <h1>Sign Up</h1>
    4:   <%= form_for(:user, :url => {:controller => 'users', :action => 'create'}) do |f| %>
    5:     <p> Username:</br> <%= f.text_field :username%> </p>
    6:     <p> Email:</br> <%= f.text_field :email%> </p>
    7:     <p> Password:</br> <%= f.password_field :password%></p>
  app/views/layouts/application.html.erb:4:in `_app_views_layouts_application_html_erb___4428414924959529031_70185693238300'


  Rendered /Users/haowu/.rbenv/versions/2.4.1/lib/ruby/gems/2.4.0/gems/actionpack-4.2.8/lib/action_dispatch/middleware/templates/rescues/_source.erb (19.9ms)
  Rendered /Users/haowu/.rbenv/versions/2.4.1/lib/ruby/gems/2.4.0/gems/actionpack-4.2.8/lib/action_dispatch/middleware/templates/rescues/_trace.html.erb (3.4ms)
  Rendered /Users/haowu/.rbenv/versions/2.4.1/lib/ruby/gems/2.4.0/gems/actionpack-4.2.8/lib/action_dispatch/middleware/templates/rescues/_request_and_response.html.erb (1.3ms)
  Rendered /Users/haowu/.rbenv/versions/2.4.1/lib/ruby/gems/2.4.0/gems/actionpack-4.2.8/lib/action_dispatch/middleware/templates/rescues/template_error.html.erb within rescues/layout (82.5ms)


Started GET "/" for 127.0.0.1 at 2017-11-03 16:17:24 -0700
Processing by WelcomeController#index as HTML
  Rendered welcome/index.erb within layouts/application (1.4ms)
Completed 200 OK in 8ms (Views: 7.7ms | ActiveRecord: 0.0ms)


Started GET "/" for 127.0.0.1 at 2017-11-03 16:19:11 -0700
Processing by WelcomeController#index as HTML
  Rendered welcome/index.erb within layouts/application (1.4ms)
Completed 200 OK in 7ms (Views: 6.9ms | ActiveRecord: 0.0ms)


Started GET "/" for 127.0.0.1 at 2017-11-03 16:19:14 -0700
Processing by WelcomeController#index as HTML
  Rendered welcome/index.erb within layouts/application (1.0ms)
Completed 200 OK in 7ms (Views: 6.9ms | ActiveRecord: 0.0ms)


Started GET "/" for 127.0.0.1 at 2017-11-03 16:22:02 -0700
Processing by UsersController#new as HTML
  Rendered users/new.html.erb within layouts/application (6.1ms)
Completed 500 Internal Server Error in 23ms (ActiveRecord: 4.8ms)

ActionView::Template::Error (undefined method `username' for #<User:0x007faac1aa49c0>):
    2: <div class="Sign_Form">
    3:   <h1>Sign Up</h1>
    4:   <%= form_for(:user, :url => {:controller => 'users', :action => 'create'}) do |f| %>
    5:     <p> Username:</br> <%= f.text_field :username%> </p>
    6:     <p> Email:</br> <%= f.text_field :email%> </p>
    7:     <p> Password:</br> <%= f.password_field :password%></p>
    8:     <p> Password Confirmation:</br> <%= f.password_field :password_confirmation%> </p>
  app/views/users/new.html.erb:5:in `block in _app_views_users_new_html_erb__2665422021684354991_70185727323620'
  app/views/users/new.html.erb:4:in `_app_views_users_new_html_erb__2665422021684354991_70185727323620'


  Rendered /Users/haowu/.rbenv/versions/2.4.1/lib/ruby/gems/2.4.0/gems/actionpack-4.2.8/lib/action_dispatch/middleware/templates/rescues/_source.erb (7.3ms)
  Rendered /Users/haowu/.rbenv/versions/2.4.1/lib/ruby/gems/2.4.0/gems/actionpack-4.2.8/lib/action_dispatch/middleware/templates/rescues/_trace.html.erb (3.3ms)
  Rendered /Users/haowu/.rbenv/versions/2.4.1/lib/ruby/gems/2.4.0/gems/actionpack-4.2.8/lib/action_dispatch/middleware/templates/rescues/_request_and_response.html.erb (0.8ms)
  Rendered /Users/haowu/.rbenv/versions/2.4.1/lib/ruby/gems/2.4.0/gems/actionpack-4.2.8/lib/action_dispatch/middleware/templates/rescues/template_error.html.erb within rescues/layout (71.9ms)


Started GET "/" for 127.0.0.1 at 2017-11-03 16:22:15 -0700
Processing by UsersController#new.html as HTML
  Rendered users/new.html.erb within layouts/application (2.4ms)
Completed 500 Internal Server Error in 9ms (ActiveRecord: 0.0ms)

ActionView::Template::Error (No route matches {:action=>"create", :controller=>"users"}):
    1: <% @page_title = "UserAuth | Signup" %>
    2: <div class="Sign_Form">
    3:   <h1>Sign Up</h1>
    4:   <%= form_for(:user, :url => {:controller => 'users', :action => 'create'}) do |f| %>
    5:     <p> Username:</br> <%= f.text_field :username%> </p>
    6:     <p> Email:</br> <%= f.text_field :email%> </p>
    7:     <p> Password:</br> <%= f.password_field :password%></p>
  app/views/users/new.html.erb:4:in `_app_views_users_new_html_erb__2665422021684354991_70185705375960'


  Rendered /Users/haowu/.rbenv/versions/2.4.1/lib/ruby/gems/2.4.0/gems/actionpack-4.2.8/lib/action_dispatch/middleware/templates/rescues/_source.erb (6.6ms)
  Rendered /Users/haowu/.rbenv/versions/2.4.1/lib/ruby/gems/2.4.0/gems/actionpack-4.2.8/lib/action_dispatch/middleware/templates/rescues/_trace.html.erb (3.2ms)
  Rendered /Users/haowu/.rbenv/versions/2.4.1/lib/ruby/gems/2.4.0/gems/actionpack-4.2.8/lib/action_dispatch/middleware/templates/rescues/_request_and_response.html.erb (0.8ms)
  Rendered /Users/haowu/.rbenv/versions/2.4.1/lib/ruby/gems/2.4.0/gems/actionpack-4.2.8/lib/action_dispatch/middleware/templates/rescues/template_error.html.erb within rescues/layout (77.3ms)


Started GET "/" for 127.0.0.1 at 2017-11-03 16:22:28 -0700
DEPRECATION WARNING: Defining a route where `to` is a controller without an action is deprecated. Please change `to: 'users'` to `controller: 'users'`. (called from block in <top (required)> at /Users/haowu/cmpt276/GoFit/Go_Fit/config/routes.rb:11)

ArgumentError (Missing :action key on routes definition, please check your routes.):
  config/routes.rb:11:in `block in <top (required)>'
  config/routes.rb:1:in `<top (required)>'


  Rendered /Users/haowu/.rbenv/versions/2.4.1/lib/ruby/gems/2.4.0/gems/actionpack-4.2.8/lib/action_dispatch/middleware/templates/rescues/_source.erb (4.1ms)
  Rendered /Users/haowu/.rbenv/versions/2.4.1/lib/ruby/gems/2.4.0/gems/actionpack-4.2.8/lib/action_dispatch/middleware/templates/rescues/_trace.html.erb (3.3ms)
  Rendered /Users/haowu/.rbenv/versions/2.4.1/lib/ruby/gems/2.4.0/gems/actionpack-4.2.8/lib/action_dispatch/middleware/templates/rescues/_request_and_response.html.erb (1.4ms)
  Rendered /Users/haowu/.rbenv/versions/2.4.1/lib/ruby/gems/2.4.0/gems/actionpack-4.2.8/lib/action_dispatch/middleware/templates/rescues/diagnostics.html.erb within rescues/layout (71.0ms)


Started GET "/" for 127.0.0.1 at 2017-11-03 16:22:40 -0700
DEPRECATION WARNING: Defining a route where `to` is a controller without an action is deprecated. Please change `to: 'new.html'` to `controller: 'new.html'`. (called from block in <top (required)> at /Users/haowu/cmpt276/GoFit/Go_Fit/config/routes.rb:11)

ArgumentError ('new.html' is not a supported controller name. This can lead to potential routing problems. See http://guides.rubyonrails.org/routing.html#specifying-a-controller-to-use):
  config/routes.rb:11:in `block in <top (required)>'
  config/routes.rb:1:in `<top (required)>'


  Rendered /Users/haowu/.rbenv/versions/2.4.1/lib/ruby/gems/2.4.0/gems/actionpack-4.2.8/lib/action_dispatch/middleware/templates/rescues/_source.erb (4.0ms)
  Rendered /Users/haowu/.rbenv/versions/2.4.1/lib/ruby/gems/2.4.0/gems/actionpack-4.2.8/lib/action_dispatch/middleware/templates/rescues/_trace.html.erb (2.0ms)
  Rendered /Users/haowu/.rbenv/versions/2.4.1/lib/ruby/gems/2.4.0/gems/actionpack-4.2.8/lib/action_dispatch/middleware/templates/rescues/_request_and_response.html.erb (1.3ms)
  Rendered /Users/haowu/.rbenv/versions/2.4.1/lib/ruby/gems/2.4.0/gems/actionpack-4.2.8/lib/action_dispatch/middleware/templates/rescues/diagnostics.html.erb within rescues/layout (57.6ms)


Started GET "/" for 127.0.0.1 at 2017-11-03 16:22:47 -0700
DEPRECATION WARNING: Defining a route where `to` is a controller without an action is deprecated. Please change `to: 'new'` to `controller: 'new'`. (called from block in <top (required)> at /Users/haowu/cmpt276/GoFit/Go_Fit/config/routes.rb:11)

ArgumentError (Missing :action key on routes definition, please check your routes.):
  config/routes.rb:11:in `block in <top (required)>'
  config/routes.rb:1:in `<top (required)>'


  Rendered /Users/haowu/.rbenv/versions/2.4.1/lib/ruby/gems/2.4.0/gems/actionpack-4.2.8/lib/action_dispatch/middleware/templates/rescues/_source.erb (3.9ms)
  Rendered /Users/haowu/.rbenv/versions/2.4.1/lib/ruby/gems/2.4.0/gems/actionpack-4.2.8/lib/action_dispatch/middleware/templates/rescues/_trace.html.erb (2.1ms)
  Rendered /Users/haowu/.rbenv/versions/2.4.1/lib/ruby/gems/2.4.0/gems/actionpack-4.2.8/lib/action_dispatch/middleware/templates/rescues/_request_and_response.html.erb (0.8ms)
  Rendered /Users/haowu/.rbenv/versions/2.4.1/lib/ruby/gems/2.4.0/gems/actionpack-4.2.8/lib/action_dispatch/middleware/templates/rescues/diagnostics.html.erb within rescues/layout (63.8ms)


Started GET "/" for 127.0.0.1 at 2017-11-03 16:22:55 -0700
DEPRECATION WARNING: Defining a route where `to` is a controller without an action is deprecated. Please change `to: 'index'` to `controller: 'index'`. (called from block in <top (required)> at /Users/haowu/cmpt276/GoFit/Go_Fit/config/routes.rb:11)

ArgumentError (Missing :action key on routes definition, please check your routes.):
  config/routes.rb:11:in `block in <top (required)>'
  config/routes.rb:1:in `<top (required)>'


  Rendered /Users/haowu/.rbenv/versions/2.4.1/lib/ruby/gems/2.4.0/gems/actionpack-4.2.8/lib/action_dispatch/middleware/templates/rescues/_source.erb (3.9ms)
  Rendered /Users/haowu/.rbenv/versions/2.4.1/lib/ruby/gems/2.4.0/gems/actionpack-4.2.8/lib/action_dispatch/middleware/templates/rescues/_trace.html.erb (2.4ms)
  Rendered /Users/haowu/.rbenv/versions/2.4.1/lib/ruby/gems/2.4.0/gems/actionpack-4.2.8/lib/action_dispatch/middleware/templates/rescues/_request_and_response.html.erb (1.0ms)
  Rendered /Users/haowu/.rbenv/versions/2.4.1/lib/ruby/gems/2.4.0/gems/actionpack-4.2.8/lib/action_dispatch/middleware/templates/rescues/diagnostics.html.erb within rescues/layout (59.7ms)


Started GET "/" for 127.0.0.1 at 2017-11-03 16:23:23 -0700
Processing by WelcomeController#index as HTML
  Rendered welcome/index.erb within layouts/application (0.9ms)
Completed 200 OK in 9ms (Views: 8.2ms | ActiveRecord: 0.0ms)


Started GET "/" for 127.0.0.1 at 2017-11-03 16:29:26 -0700
Processing by WelcomeController#index as HTML
  Rendered welcome/index.erb within layouts/application (1.6ms)
Completed 200 OK in 9ms (Views: 8.4ms | ActiveRecord: 0.0ms)


Started GET "/" for 127.0.0.1 at 2017-11-03 16:29:30 -0700
Processing by WelcomeController#index as HTML
  Rendered welcome/index.erb within layouts/application (1.7ms)
Completed 200 OK in 8ms (Views: 6.9ms | ActiveRecord: 0.0ms)


Started GET "/" for 127.0.0.1 at 2017-11-03 16:35:18 -0700
Processing by WelcomeController#index as HTML
  Rendered welcome/index.erb within layouts/application (1.3ms)
Completed 200 OK in 5ms (Views: 4.4ms | ActiveRecord: 0.0ms)
  [1m[36mActiveRecord::SchemaMigration Load (0.5ms)[0m  [1mSELECT "schema_migrations".* FROM "schema_migrations"[0m
  [1m[35mActiveRecord::SchemaMigration Load (0.3ms)[0m  SELECT "schema_migrations".* FROM "schema_migrations"
  [1m[36m (4.5ms)[0m  [1mSELECT t2.oid::regclass::text AS to_table, a1.attname AS column, a2.attname AS primary_key, c.conname AS name, c.confupdtype AS on_update, c.confdeltype AS on_delete
FROM pg_constraint c
JOIN pg_class t1 ON c.conrelid = t1.oid
JOIN pg_class t2 ON c.confrelid = t2.oid
JOIN pg_attribute a1 ON a1.attnum = c.conkey[1] AND a1.attrelid = t1.oid
JOIN pg_attribute a2 ON a2.attnum = c.confkey[1] AND a2.attrelid = t2.oid
JOIN pg_namespace t3 ON c.connamespace = t3.oid
WHERE c.contype = 'f'
  AND t1.relname = 'users'
  AND t3.nspname = ANY (current_schemas(false))
ORDER BY c.conname
[0m
  [1m[35m (4.0ms)[0m  SELECT t2.oid::regclass::text AS to_table, a1.attname AS column, a2.attname AS primary_key, c.conname AS name, c.confupdtype AS on_update, c.confdeltype AS on_delete
FROM pg_constraint c
JOIN pg_class t1 ON c.conrelid = t1.oid
JOIN pg_class t2 ON c.confrelid = t2.oid
JOIN pg_attribute a1 ON a1.attnum = c.conkey[1] AND a1.attrelid = t1.oid
JOIN pg_attribute a2 ON a2.attnum = c.confkey[1] AND a2.attrelid = t2.oid
JOIN pg_namespace t3 ON c.connamespace = t3.oid
WHERE c.contype = 'f'
  AND t1.relname = 'widgets'
  AND t3.nspname = ANY (current_schemas(false))
ORDER BY c.conname

  [1m[36mActiveRecord::SchemaMigration Load (0.6ms)[0m  [1mSELECT "schema_migrations".* FROM "schema_migrations"[0m
  [1m[35mActiveRecord::SchemaMigration Load (0.2ms)[0m  SELECT "schema_migrations".* FROM "schema_migrations"
  [1m[36m (4.5ms)[0m  [1mSELECT t2.oid::regclass::text AS to_table, a1.attname AS column, a2.attname AS primary_key, c.conname AS name, c.confupdtype AS on_update, c.confdeltype AS on_delete
FROM pg_constraint c
JOIN pg_class t1 ON c.conrelid = t1.oid
JOIN pg_class t2 ON c.confrelid = t2.oid
JOIN pg_attribute a1 ON a1.attnum = c.conkey[1] AND a1.attrelid = t1.oid
JOIN pg_attribute a2 ON a2.attnum = c.confkey[1] AND a2.attrelid = t2.oid
JOIN pg_namespace t3 ON c.connamespace = t3.oid
WHERE c.contype = 'f'
  AND t1.relname = 'users'
  AND t3.nspname = ANY (current_schemas(false))
ORDER BY c.conname
[0m
  [1m[35m (3.8ms)[0m  SELECT t2.oid::regclass::text AS to_table, a1.attname AS column, a2.attname AS primary_key, c.conname AS name, c.confupdtype AS on_update, c.confdeltype AS on_delete
FROM pg_constraint c
JOIN pg_class t1 ON c.conrelid = t1.oid
JOIN pg_class t2 ON c.confrelid = t2.oid
JOIN pg_attribute a1 ON a1.attnum = c.conkey[1] AND a1.attrelid = t1.oid
JOIN pg_attribute a2 ON a2.attnum = c.confkey[1] AND a2.attrelid = t2.oid
JOIN pg_namespace t3 ON c.connamespace = t3.oid
WHERE c.contype = 'f'
  AND t1.relname = 'widgets'
  AND t3.nspname = ANY (current_schemas(false))
ORDER BY c.conname

  [1m[36mActiveRecord::SchemaMigration Load (0.5ms)[0m  [1mSELECT "schema_migrations".* FROM "schema_migrations"[0m
  [1m[35mActiveRecord::SchemaMigration Load (0.2ms)[0m  SELECT "schema_migrations".* FROM "schema_migrations"
  [1m[36m (6.2ms)[0m  [1mSELECT t2.oid::regclass::text AS to_table, a1.attname AS column, a2.attname AS primary_key, c.conname AS name, c.confupdtype AS on_update, c.confdeltype AS on_delete
FROM pg_constraint c
JOIN pg_class t1 ON c.conrelid = t1.oid
JOIN pg_class t2 ON c.confrelid = t2.oid
JOIN pg_attribute a1 ON a1.attnum = c.conkey[1] AND a1.attrelid = t1.oid
JOIN pg_attribute a2 ON a2.attnum = c.confkey[1] AND a2.attrelid = t2.oid
JOIN pg_namespace t3 ON c.connamespace = t3.oid
WHERE c.contype = 'f'
  AND t1.relname = 'users'
  AND t3.nspname = ANY (current_schemas(false))
ORDER BY c.conname
[0m
  [1m[35m (3.9ms)[0m  SELECT t2.oid::regclass::text AS to_table, a1.attname AS column, a2.attname AS primary_key, c.conname AS name, c.confupdtype AS on_update, c.confdeltype AS on_delete
FROM pg_constraint c
JOIN pg_class t1 ON c.conrelid = t1.oid
JOIN pg_class t2 ON c.confrelid = t2.oid
JOIN pg_attribute a1 ON a1.attnum = c.conkey[1] AND a1.attrelid = t1.oid
JOIN pg_attribute a2 ON a2.attnum = c.confkey[1] AND a2.attrelid = t2.oid
JOIN pg_namespace t3 ON c.connamespace = t3.oid
WHERE c.contype = 'f'
  AND t1.relname = 'widgets'
  AND t3.nspname = ANY (current_schemas(false))
ORDER BY c.conname

  [1m[36mActiveRecord::SchemaMigration Load (0.5ms)[0m  [1mSELECT "schema_migrations".* FROM "schema_migrations"[0m
  [1m[35mActiveRecord::SchemaMigration Load (0.2ms)[0m  SELECT "schema_migrations".* FROM "schema_migrations"
  [1m[36m (5.0ms)[0m  [1mSELECT t2.oid::regclass::text AS to_table, a1.attname AS column, a2.attname AS primary_key, c.conname AS name, c.confupdtype AS on_update, c.confdeltype AS on_delete
FROM pg_constraint c
JOIN pg_class t1 ON c.conrelid = t1.oid
JOIN pg_class t2 ON c.confrelid = t2.oid
JOIN pg_attribute a1 ON a1.attnum = c.conkey[1] AND a1.attrelid = t1.oid
JOIN pg_attribute a2 ON a2.attnum = c.confkey[1] AND a2.attrelid = t2.oid
JOIN pg_namespace t3 ON c.connamespace = t3.oid
WHERE c.contype = 'f'
  AND t1.relname = 'users'
  AND t3.nspname = ANY (current_schemas(false))
ORDER BY c.conname
[0m
  [1m[35m (3.9ms)[0m  SELECT t2.oid::regclass::text AS to_table, a1.attname AS column, a2.attname AS primary_key, c.conname AS name, c.confupdtype AS on_update, c.confdeltype AS on_delete
FROM pg_constraint c
JOIN pg_class t1 ON c.conrelid = t1.oid
JOIN pg_class t2 ON c.confrelid = t2.oid
JOIN pg_attribute a1 ON a1.attnum = c.conkey[1] AND a1.attrelid = t1.oid
JOIN pg_attribute a2 ON a2.attnum = c.confkey[1] AND a2.attrelid = t2.oid
JOIN pg_namespace t3 ON c.connamespace = t3.oid
WHERE c.contype = 'f'
  AND t1.relname = 'widgets'
  AND t3.nspname = ANY (current_schemas(false))
ORDER BY c.conname

  [1m[36mActiveRecord::SchemaMigration Load (0.6ms)[0m  [1mSELECT "schema_migrations".* FROM "schema_migrations"[0m
  [1m[35mActiveRecord::SchemaMigration Load (0.2ms)[0m  SELECT "schema_migrations".* FROM "schema_migrations"
  [1m[36m (4.4ms)[0m  [1mSELECT t2.oid::regclass::text AS to_table, a1.attname AS column, a2.attname AS primary_key, c.conname AS name, c.confupdtype AS on_update, c.confdeltype AS on_delete
FROM pg_constraint c
JOIN pg_class t1 ON c.conrelid = t1.oid
JOIN pg_class t2 ON c.confrelid = t2.oid
JOIN pg_attribute a1 ON a1.attnum = c.conkey[1] AND a1.attrelid = t1.oid
JOIN pg_attribute a2 ON a2.attnum = c.confkey[1] AND a2.attrelid = t2.oid
JOIN pg_namespace t3 ON c.connamespace = t3.oid
WHERE c.contype = 'f'
  AND t1.relname = 'users'
  AND t3.nspname = ANY (current_schemas(false))
ORDER BY c.conname
[0m
  [1m[35m (4.4ms)[0m  SELECT t2.oid::regclass::text AS to_table, a1.attname AS column, a2.attname AS primary_key, c.conname AS name, c.confupdtype AS on_update, c.confdeltype AS on_delete
FROM pg_constraint c
JOIN pg_class t1 ON c.conrelid = t1.oid
JOIN pg_class t2 ON c.confrelid = t2.oid
JOIN pg_attribute a1 ON a1.attnum = c.conkey[1] AND a1.attrelid = t1.oid
JOIN pg_attribute a2 ON a2.attnum = c.confkey[1] AND a2.attrelid = t2.oid
JOIN pg_namespace t3 ON c.connamespace = t3.oid
WHERE c.contype = 'f'
  AND t1.relname = 'widgets'
  AND t3.nspname = ANY (current_schemas(false))
ORDER BY c.conname

